<?xml version="1.0" encoding="UTF-8"?>
<!-- Generated by org.testng.reporters.JUnitReportReporter -->
<testsuite hostname="MINIONEK" failures="0" tests="3" name="tests.FailedLoginTests" time="51.394" errors="0" timestamp="2021-05-05T19:49:53 CEST" skipped="0">
  <testcase classname="tests.FailedLoginTests" name="asUserTryToLoginWithInvalidEmailAndPassword" time="16.109"/>
  <testcase classname="tests.FailedLoginTests" name="asUserTryToLoginWithNoEmail" time="18.947"/>
  <testcase classname="tests.FailedLoginTests" name="asUserTryToLoginWithCorrectEmailAndInvalidPassword" time="16.338"/>
</testsuite> <!-- tests.FailedLoginTests -->
