<?xml version="1.0" encoding="UTF-8"?>
<!-- Generated by org.testng.reporters.JUnitReportReporter -->
<testsuite hostname="MINIONEK" failures="0" tests="1" name="tests.FailedRegistrationTests" time="19.462" errors="0" timestamp="2021-05-05T19:49:53 CEST" skipped="0">
  <testcase classname="tests.FailedRegistrationTests" name="asUserProvideIncorrectAlreadyRegisteredEmailForRegistrationFirstStep" time="19.462"/>
</testsuite> <!-- tests.FailedRegistrationTests -->
